HERE: cluster_38
HERE: cluster_55
HERE: cluster_54
HERE: cluster_1
HERE: cluster_34
HERE: cluster_9
HERE: cluster_36
HERE: cluster_6
HERE: cluster_3
HERE: cluster_41
HERE: cluster_53
HERE: cluster_10
HERE: cluster_50
HERE: cluster_8
HERE: cluster_24
HERE: cluster_29
HERE: cluster_27
HERE: cluster_17
HERE: cluster_69
HERE: cluster_68
HERE: cluster_51
HERE: cluster_31
HERE: cluster_37
HERE: cluster_15
HERE: cluster_49
HERE: cluster_5
HERE: cluster_67
HERE: cluster_21
HERE: cluster_22
HERE: cluster_35
HERE: cluster_28
HERE: cluster_16
HERE: cluster_52
HERE: cluster_33
HERE: cluster_12
HERE: cluster_58
HERE: cluster_42
HERE: cluster_2
HERE: cluster_14
HERE: cluster_45
HERE: cluster_18
HERE: cluster_30
HERE: cluster_13
HERE: cluster_47
HERE: cluster_43
HERE: cluster_63
HERE: cluster_11
HERE: cluster_20
HERE: cluster_71
HERE: cluster_61
HERE: cluster_4
HERE: cluster_70
HERE: cluster_62
HERE: cluster_39
HERE: cluster_23
HERE: cluster_44
HERE: cluster_59
HERE: cluster_26
HERE: cluster_46
HERE: cluster_25
HERE: cluster_66
HERE: cluster_57
HERE: cluster_40
HERE: cluster_48
HERE: cluster_56
HERE: cluster_19
HERE: cluster_60
HERE: cluster_64
HERE: cluster_65
HERE: cluster_7
HERE: cluster_32
HERE: cluster_4
HERE: cluster_23
HERE: cluster_39
HERE: cluster_11
HERE: cluster_61
HERE: cluster_20
HERE: cluster_47
HERE: cluster_43
HERE: cluster_12
HERE: cluster_58
HERE: cluster_2
HERE: cluster_42
HERE: cluster_16
HERE: cluster_33
HERE: cluster_52
HERE: cluster_45
HERE: cluster_18
HERE: cluster_13
HERE: cluster_30
HERE: cluster_14
HERE: cluster_32
HERE: cluster_7
HERE: cluster_40
HERE: cluster_48
HERE: cluster_19
HERE: cluster_60
HERE: cluster_56
HERE: cluster_46
HERE: cluster_26
HERE: cluster_25
HERE: cluster_57
HERE: cluster_59
HERE: cluster_44
HERE: cluster_53
HERE: cluster_10
HERE: cluster_8
HERE: cluster_24
HERE: cluster_50
HERE: cluster_41
HERE: cluster_3
HERE: cluster_6
HERE: cluster_9
HERE: cluster_36
HERE: cluster_55
HERE: cluster_38
HERE: cluster_1
HERE: cluster_54
HERE: cluster_34
HERE: cluster_5
HERE: cluster_37
HERE: cluster_49
HERE: cluster_15
HERE: cluster_35
HERE: cluster_22
HERE: cluster_28
HERE: cluster_21
HERE: cluster_31
HERE: cluster_17
HERE: cluster_27
HERE: cluster_51
HERE: cluster_29
HERE: cluster_59
HERE: cluster_44
HERE: cluster_25
HERE: cluster_57
HERE: cluster_66
HERE: cluster_26
HERE: cluster_46
HERE: cluster_56
HERE: cluster_19
HERE: cluster_60
HERE: cluster_48
HERE: cluster_40
HERE: cluster_65
HERE: cluster_7
HERE: cluster_32
HERE: cluster_64
HERE: cluster_14
HERE: cluster_18
HERE: cluster_45
HERE: cluster_13
HERE: cluster_30
HERE: cluster_16
HERE: cluster_52
HERE: cluster_33
HERE: cluster_12
HERE: cluster_58
HERE: cluster_42
HERE: cluster_2
HERE: cluster_43
HERE: cluster_47
HERE: cluster_20
HERE: cluster_61
HERE: cluster_63
HERE: cluster_11
HERE: cluster_62
HERE: cluster_39
HERE: cluster_23
HERE: cluster_4
HERE: cluster_29
HERE: cluster_51
HERE: cluster_27
HERE: cluster_17
HERE: cluster_31
HERE: cluster_67
HERE: cluster_21
HERE: cluster_35
HERE: cluster_22
HERE: cluster_28
HERE: cluster_37
HERE: cluster_49
HERE: cluster_15
HERE: cluster_5
HERE: cluster_54
HERE: cluster_1
HERE: cluster_34
HERE: cluster_38
HERE: cluster_55
HERE: cluster_36
HERE: cluster_9
HERE: cluster_6
HERE: cluster_3
HERE: cluster_41
HERE: cluster_50
HERE: cluster_8
HERE: cluster_24
HERE: cluster_10
HERE: cluster_53
HERE: cluster_11
HERE: cluster_61
HERE: cluster_20
HERE: cluster_4
HERE: cluster_23
HERE: cluster_39
HERE: cluster_12
HERE: cluster_42
HERE: cluster_58
HERE: cluster_2
HERE: cluster_16
HERE: cluster_33
HERE: cluster_52
HERE: cluster_45
HERE: cluster_18
HERE: cluster_30
HERE: cluster_13
HERE: cluster_14
HERE: cluster_47
HERE: cluster_43
HERE: cluster_48
HERE: cluster_40
HERE: cluster_60
HERE: cluster_19
HERE: cluster_56
HERE: cluster_32
HERE: cluster_7
HERE: cluster_59
HERE: cluster_44
HERE: cluster_46
HERE: cluster_26
HERE: cluster_25
HERE: cluster_57
HERE: cluster_41
HERE: cluster_3
HERE: cluster_10
HERE: cluster_53
HERE: cluster_8
HERE: cluster_24
HERE: cluster_50
HERE: cluster_55
HERE: cluster_38
HERE: cluster_34
HERE: cluster_54
HERE: cluster_1
HERE: cluster_6
HERE: cluster_9
HERE: cluster_36
HERE: cluster_31
HERE: cluster_5
HERE: cluster_37
HERE: cluster_49
HERE: cluster_15
HERE: cluster_35
HERE: cluster_22
HERE: cluster_28
HERE: cluster_21
HERE: cluster_29
HERE: cluster_17
HERE: cluster_27
HERE: cluster_51
HERE: cluster_40
HERE: cluster_48
HERE: cluster_19
HERE: cluster_60
HERE: cluster_56
HERE: cluster_32
HERE: cluster_7
HERE: cluster_44
HERE: cluster_59
HERE: cluster_46
HERE: cluster_26
HERE: cluster_57
HERE: cluster_25
HERE: cluster_11
HERE: cluster_63
HERE: cluster_61
HERE: cluster_20
HERE: cluster_4
HERE: cluster_23
HERE: cluster_39
HERE: cluster_62
HERE: cluster_58
HERE: cluster_2
HERE: cluster_42
HERE: cluster_12
HERE: cluster_52
HERE: cluster_33
HERE: cluster_16
HERE: cluster_30
HERE: cluster_13
HERE: cluster_18
HERE: cluster_45
HERE: cluster_14
HERE: cluster_47
HERE: cluster_43
HERE: cluster_31
HERE: cluster_5
HERE: cluster_49
HERE: cluster_15
HERE: cluster_37
HERE: cluster_28
HERE: cluster_35
HERE: cluster_22
HERE: cluster_21
HERE: cluster_29
HERE: cluster_17
HERE: cluster_27
HERE: cluster_51
HERE: cluster_41
HERE: cluster_3
HERE: cluster_10
HERE: cluster_53
HERE: cluster_24
HERE: cluster_8
HERE: cluster_50
HERE: cluster_55
HERE: cluster_38
HERE: cluster_34
HERE: cluster_54
HERE: cluster_1
HERE: cluster_6
HERE: cluster_9
HERE: cluster_36
HERE: cluster_44
HERE: cluster_59
HERE: cluster_25
HERE: cluster_66
HERE: cluster_57
HERE: cluster_26
HERE: cluster_46
HERE: cluster_56
HERE: cluster_19
HERE: cluster_76
HERE: cluster_60
HERE: cluster_40
HERE: cluster_48
HERE: cluster_65
HERE: cluster_7
HERE: cluster_32
HERE: cluster_64
HERE: cluster_14
HERE: cluster_45
HERE: cluster_18
HERE: cluster_30
HERE: cluster_13
HERE: cluster_16
HERE: cluster_52
HERE: cluster_33
HERE: cluster_12
HERE: cluster_2
HERE: cluster_58
HERE: cluster_42
HERE: cluster_43
HERE: cluster_47
HERE: cluster_71
HERE: cluster_20
HERE: cluster_61
HERE: cluster_63
HERE: cluster_11
HERE: cluster_62
HERE: cluster_39
HERE: cluster_23
HERE: cluster_4
HERE: cluster_70
HERE: cluster_29
HERE: cluster_72
HERE: cluster_51
HERE: cluster_27
HERE: cluster_69
HERE: cluster_17
HERE: cluster_68
HERE: cluster_73
HERE: cluster_74
HERE: cluster_31
HERE: cluster_67
HERE: cluster_21
HERE: cluster_35
HERE: cluster_22
HERE: cluster_28
HERE: cluster_37
HERE: cluster_75
HERE: cluster_15
HERE: cluster_49
HERE: cluster_5
HERE: cluster_54
HERE: cluster_34
HERE: cluster_1
HERE: cluster_38
HERE: cluster_55
HERE: cluster_36
HERE: cluster_9
HERE: cluster_6
HERE: cluster_3
HERE: cluster_41
HERE: cluster_50
HERE: cluster_8
HERE: cluster_24
HERE: cluster_10
HERE: cluster_53
HERE: cluster_22
HERE: cluster_35
HERE: cluster_28
HERE: cluster_21
HERE: cluster_5
HERE: cluster_37
HERE: cluster_49
HERE: cluster_15
HERE: cluster_31
HERE: cluster_51
HERE: cluster_17
HERE: cluster_27
HERE: cluster_29
HERE: cluster_8
HERE: cluster_24
HERE: cluster_50
HERE: cluster_53
HERE: cluster_10
HERE: cluster_41
HERE: cluster_3
HERE: cluster_6
HERE: cluster_9
HERE: cluster_36
HERE: cluster_34
HERE: cluster_54
HERE: cluster_1
HERE: cluster_55
HERE: cluster_38
HERE: cluster_32
HERE: cluster_7
HERE: cluster_64
HERE: cluster_19
HERE: cluster_60
HERE: cluster_56
HERE: cluster_40
HERE: cluster_48
HERE: cluster_25
HERE: cluster_57
HERE: cluster_46
HERE: cluster_26
HERE: cluster_59
HERE: cluster_44
HERE: cluster_23
HERE: cluster_62
HERE: cluster_39
HERE: cluster_4
HERE: cluster_61
HERE: cluster_20
HERE: cluster_63
HERE: cluster_11
HERE: cluster_43
HERE: cluster_47
HERE: cluster_45
HERE: cluster_18
HERE: cluster_13
HERE: cluster_30
HERE: cluster_14
HERE: cluster_12
HERE: cluster_42
HERE: cluster_58
HERE: cluster_2
HERE: cluster_16
HERE: cluster_52
HERE: cluster_33
HERE: cluster_31
HERE: cluster_5
HERE: cluster_37
HERE: cluster_15
HERE: cluster_49
HERE: cluster_22
HERE: cluster_35
HERE: cluster_28
HERE: cluster_21
HERE: cluster_67
HERE: cluster_29
HERE: cluster_17
HERE: cluster_68
HERE: cluster_27
HERE: cluster_51
HERE: cluster_41
HERE: cluster_3
HERE: cluster_53
HERE: cluster_10
HERE: cluster_8
HERE: cluster_24
HERE: cluster_50
HERE: cluster_55
HERE: cluster_38
HERE: cluster_54
HERE: cluster_34
HERE: cluster_1
HERE: cluster_6
HERE: cluster_9
HERE: cluster_36
HERE: cluster_48
HERE: cluster_40
HERE: cluster_19
HERE: cluster_60
HERE: cluster_56
HERE: cluster_64
HERE: cluster_32
HERE: cluster_65
HERE: cluster_7
HERE: cluster_59
HERE: cluster_44
HERE: cluster_46
HERE: cluster_26
HERE: cluster_25
HERE: cluster_57
HERE: cluster_66
HERE: cluster_63
HERE: cluster_11
HERE: cluster_61
HERE: cluster_20
HERE: cluster_4
HERE: cluster_23
HERE: cluster_62
HERE: cluster_39
HERE: cluster_12
HERE: cluster_58
HERE: cluster_42
HERE: cluster_2
HERE: cluster_16
HERE: cluster_52
HERE: cluster_33
HERE: cluster_45
HERE: cluster_18
HERE: cluster_13
HERE: cluster_30
HERE: cluster_14
HERE: cluster_47
HERE: cluster_43
HERE: cluster_33
HERE: cluster_52
HERE: cluster_16
HERE: cluster_2
HERE: cluster_58
HERE: cluster_42
HERE: cluster_12
HERE: cluster_14
HERE: cluster_13
HERE: cluster_30
HERE: cluster_45
HERE: cluster_18
HERE: cluster_47
HERE: cluster_43
HERE: cluster_11
HERE: cluster_63
HERE: cluster_20
HERE: cluster_61
HERE: cluster_4
HERE: cluster_70
HERE: cluster_39
HERE: cluster_62
HERE: cluster_23
HERE: cluster_44
HERE: cluster_59
HERE: cluster_26
HERE: cluster_46
HERE: cluster_57
HERE: cluster_66
HERE: cluster_25
HERE: cluster_40
HERE: cluster_48
HERE: cluster_56
HERE: cluster_60
HERE: cluster_19
HERE: cluster_64
HERE: cluster_7
HERE: cluster_65
HERE: cluster_32
HERE: cluster_38
HERE: cluster_55
HERE: cluster_1
HERE: cluster_54
HERE: cluster_34
HERE: cluster_36
HERE: cluster_9
HERE: cluster_6
HERE: cluster_3
HERE: cluster_41
HERE: cluster_53
HERE: cluster_10
HERE: cluster_50
HERE: cluster_24
HERE: cluster_8
HERE: cluster_29
HERE: cluster_27
HERE: cluster_68
HERE: cluster_17
HERE: cluster_69
HERE: cluster_51
HERE: cluster_31
HERE: cluster_49
HERE: cluster_15
HERE: cluster_37
HERE: cluster_5
HERE: cluster_21
HERE: cluster_67
HERE: cluster_28
HERE: cluster_22
HERE: cluster_35
HERE: cluster_47
HERE: cluster_43
HERE: cluster_16
HERE: cluster_52
HERE: cluster_33
HERE: cluster_12
HERE: cluster_2
HERE: cluster_58
HERE: cluster_42
HERE: cluster_14
HERE: cluster_18
HERE: cluster_45
HERE: cluster_13
HERE: cluster_30
HERE: cluster_4
HERE: cluster_39
HERE: cluster_62
HERE: cluster_23
HERE: cluster_63
HERE: cluster_11
HERE: cluster_20
HERE: cluster_61
HERE: cluster_26
HERE: cluster_46
HERE: cluster_25
HERE: cluster_57
HERE: cluster_59
HERE: cluster_44
HERE: cluster_64
HERE: cluster_65
HERE: cluster_7
HERE: cluster_32
HERE: cluster_48
HERE: cluster_40
HERE: cluster_56
HERE: cluster_60
HERE: cluster_19
HERE: cluster_36
HERE: cluster_9
HERE: cluster_6
HERE: cluster_38
HERE: cluster_55
HERE: cluster_1
HERE: cluster_54
HERE: cluster_34
HERE: cluster_10
HERE: cluster_53
HERE: cluster_50
HERE: cluster_8
HERE: cluster_24
HERE: cluster_3
HERE: cluster_41
HERE: cluster_27
HERE: cluster_17
HERE: cluster_51
HERE: cluster_29
HERE: cluster_37
HERE: cluster_49
HERE: cluster_15
HERE: cluster_5
HERE: cluster_21
HERE: cluster_22
HERE: cluster_35
HERE: cluster_28
HERE: cluster_31
HERE: cluster_46
HERE: cluster_26
HERE: cluster_25
HERE: cluster_57
HERE: cluster_66
HERE: cluster_59
HERE: cluster_44
HERE: cluster_64
HERE: cluster_32
HERE: cluster_65
HERE: cluster_7
HERE: cluster_40
HERE: cluster_48
HERE: cluster_19
HERE: cluster_60
HERE: cluster_56
HERE: cluster_47
HERE: cluster_43
HERE: cluster_12
HERE: cluster_2
HERE: cluster_58
HERE: cluster_42
HERE: cluster_16
HERE: cluster_52
HERE: cluster_33
HERE: cluster_18
HERE: cluster_45
HERE: cluster_30
HERE: cluster_13
HERE: cluster_14
HERE: cluster_4
HERE: cluster_23
HERE: cluster_39
HERE: cluster_62
HERE: cluster_63
HERE: cluster_11
HERE: cluster_61
HERE: cluster_20
HERE: cluster_17
HERE: cluster_27
HERE: cluster_51
HERE: cluster_29
HERE: cluster_5
HERE: cluster_37
HERE: cluster_15
HERE: cluster_49
HERE: cluster_22
HERE: cluster_35
HERE: cluster_28
HERE: cluster_67
HERE: cluster_21
HERE: cluster_31
HERE: cluster_6
HERE: cluster_9
HERE: cluster_36
HERE: cluster_55
HERE: cluster_38
HERE: cluster_54
HERE: cluster_34
HERE: cluster_1
HERE: cluster_53
HERE: cluster_10
HERE: cluster_8
HERE: cluster_24
HERE: cluster_50
HERE: cluster_41
HERE: cluster_3
HERE: cluster_44
HERE: cluster_25
HERE: cluster_57
HERE: cluster_46
HERE: cluster_26
HERE: cluster_19
HERE: cluster_56
HERE: cluster_48
HERE: cluster_40
HERE: cluster_32
HERE: cluster_7
HERE: cluster_18
HERE: cluster_45
HERE: cluster_13
HERE: cluster_30
HERE: cluster_14
HERE: cluster_12
HERE: cluster_42
HERE: cluster_2
HERE: cluster_16
HERE: cluster_33
HERE: cluster_52
HERE: cluster_43
HERE: cluster_47
HERE: cluster_20
HERE: cluster_11
HERE: cluster_23
HERE: cluster_39
HERE: cluster_4
HERE: cluster_29
HERE: cluster_51
HERE: cluster_17
HERE: cluster_27
HERE: cluster_31
HERE: cluster_35
HERE: cluster_22
HERE: cluster_28
HERE: cluster_21
HERE: cluster_5
HERE: cluster_37
HERE: cluster_15
HERE: cluster_49
HERE: cluster_1
HERE: cluster_54
HERE: cluster_34
HERE: cluster_55
HERE: cluster_38
HERE: cluster_6
HERE: cluster_9
HERE: cluster_36
HERE: cluster_41
HERE: cluster_3
HERE: cluster_8
HERE: cluster_24
HERE: cluster_50
HERE: cluster_10
HERE: cluster_53
HERE: cluster_52
HERE: cluster_33
HERE: cluster_16
HERE: cluster_2
HERE: cluster_58
HERE: cluster_42
HERE: cluster_12
HERE: cluster_14
HERE: cluster_30
HERE: cluster_13
HERE: cluster_18
HERE: cluster_45
HERE: cluster_47
HERE: cluster_43
HERE: cluster_11
HERE: cluster_63
HERE: cluster_20
HERE: cluster_61
HERE: cluster_4
HERE: cluster_62
HERE: cluster_39
HERE: cluster_23
HERE: cluster_44
HERE: cluster_59
HERE: cluster_26
HERE: cluster_46
HERE: cluster_66
HERE: cluster_57
HERE: cluster_25
HERE: cluster_48
HERE: cluster_40
HERE: cluster_56
HERE: cluster_19
HERE: cluster_60
HERE: cluster_64
HERE: cluster_7
HERE: cluster_65
HERE: cluster_32
HERE: cluster_38
HERE: cluster_55
HERE: cluster_54
HERE: cluster_1
HERE: cluster_34
HERE: cluster_36
HERE: cluster_9
HERE: cluster_6
HERE: cluster_3
HERE: cluster_41
HERE: cluster_10
HERE: cluster_53
HERE: cluster_50
HERE: cluster_24
HERE: cluster_8
HERE: cluster_29
HERE: cluster_27
HERE: cluster_68
HERE: cluster_17
HERE: cluster_51
HERE: cluster_31
HERE: cluster_15
HERE: cluster_49
HERE: cluster_37
HERE: cluster_5
HERE: cluster_67
HERE: cluster_21
HERE: cluster_28
HERE: cluster_22
HERE: cluster_35

--------------------- WARNING ---------------------
MSG: Replacing one sequence [cluster/1-1191]

---------------------------------------------------

--------------------- WARNING ---------------------
MSG: Replacing one sequence [cluster/1-1182]

---------------------------------------------------

--------------------- WARNING ---------------------
MSG: Replacing one sequence [cluster/1-1191]

---------------------------------------------------

--------------------- WARNING ---------------------
MSG: Replacing one sequence [cluster/1-1194]

---------------------------------------------------

--------------------- WARNING ---------------------
MSG: Replacing one sequence [cluster/1-1185]

---------------------------------------------------

--------------------- WARNING ---------------------
MSG: Replacing one sequence [cluster/1-1185]

---------------------------------------------------

--------------------- WARNING ---------------------
MSG: Replacing one sequence [cluster/1-1137]

---------------------------------------------------

--------------------- WARNING ---------------------
MSG: Replacing one sequence [cluster/1-1137]

---------------------------------------------------

--------------------- WARNING ---------------------
MSG: Replacing one sequence [cluster/1-1239]

---------------------------------------------------

--------------------- WARNING ---------------------
MSG: Replacing one sequence [cluster/1-1134]

---------------------------------------------------

--------------------- WARNING ---------------------
MSG: Replacing one sequence [cluster/1-1218]

---------------------------------------------------

--------------------- WARNING ---------------------
MSG: Replacing one sequence [cluster/1-1197]

---------------------------------------------------

--------------------- WARNING ---------------------
MSG: Replacing one sequence [cluster/1-1161]

---------------------------------------------------

--------------------- WARNING ---------------------
MSG: Replacing one sequence [cluster/1-1191]

---------------------------------------------------

--------------------- WARNING ---------------------
MSG: Replacing one sequence [cluster/1-1137]

---------------------------------------------------

--------------------- WARNING ---------------------
MSG: Replacing one sequence [cluster/1-1176]

---------------------------------------------------

--------------------- WARNING ---------------------
MSG: Replacing one sequence [cluster/1-1167]

---------------------------------------------------

--------------------- WARNING ---------------------
MSG: Replacing one sequence [cluster/1-1218]

---------------------------------------------------

--------------------- WARNING ---------------------
MSG: Replacing one sequence [cluster/1-1218]

---------------------------------------------------

--------------------- WARNING ---------------------
MSG: Replacing one sequence [cluster/1-1236]

---------------------------------------------------

--------------------- WARNING ---------------------
MSG: Replacing one sequence [cluster/1-1197]

---------------------------------------------------

--------------------- WARNING ---------------------
MSG: Replacing one sequence [cluster/1-1161]

---------------------------------------------------

--------------------- WARNING ---------------------
MSG: Replacing one sequence [cluster/1-1260]

---------------------------------------------------

--------------------- WARNING ---------------------
MSG: Replacing one sequence [cluster/1-1191]

---------------------------------------------------

--------------------- WARNING ---------------------
MSG: Replacing one sequence [cluster/1-1197]

---------------------------------------------------

--------------------- WARNING ---------------------
MSG: Replacing one sequence [cluster/1-1137]

---------------------------------------------------

--------------------- WARNING ---------------------
MSG: Replacing one sequence [cluster/1-1152]

---------------------------------------------------

--------------------- WARNING ---------------------
MSG: Replacing one sequence [cluster/1-1140]

---------------------------------------------------

--------------------- WARNING ---------------------
MSG: Replacing one sequence [cluster/1-1191]

---------------------------------------------------

--------------------- WARNING ---------------------
MSG: Replacing one sequence [cluster/1-1137]

---------------------------------------------------

--------------------- WARNING ---------------------
MSG: Replacing one sequence [cluster/1-1155]

---------------------------------------------------

--------------------- WARNING ---------------------
MSG: Replacing one sequence [cluster/1-1236]

---------------------------------------------------

--------------------- WARNING ---------------------
MSG: Replacing one sequence [cluster/1-1152]

---------------------------------------------------

--------------------- WARNING ---------------------
MSG: Replacing one sequence [cluster/1-1155]

---------------------------------------------------

--------------------- WARNING ---------------------
MSG: Replacing one sequence [cluster/1-1161]

---------------------------------------------------

--------------------- WARNING ---------------------
MSG: Replacing one sequence [cluster/1-1191]

---------------------------------------------------

--------------------- WARNING ---------------------
MSG: Replacing one sequence [cluster/1-1191]

---------------------------------------------------

--------------------- WARNING ---------------------
MSG: Replacing one sequence [cluster/1-1212]

---------------------------------------------------

--------------------- WARNING ---------------------
MSG: Replacing one sequence [cluster/1-1191]

---------------------------------------------------

--------------------- WARNING ---------------------
MSG: Replacing one sequence [cluster/1-1230]

---------------------------------------------------

--------------------- WARNING ---------------------
MSG: Replacing one sequence [cluster/1-1137]

---------------------------------------------------

--------------------- WARNING ---------------------
MSG: Replacing one sequence [cluster/1-1176]

---------------------------------------------------

--------------------- WARNING ---------------------
MSG: Replacing one sequence [cluster/1-1212]

---------------------------------------------------

--------------------- WARNING ---------------------
MSG: Replacing one sequence [cluster/1-1176]

---------------------------------------------------

--------------------- WARNING ---------------------
MSG: Replacing one sequence [cluster/1-1122]

---------------------------------------------------

--------------------- WARNING ---------------------
MSG: Replacing one sequence [cluster/1-1155]

---------------------------------------------------

--------------------- WARNING ---------------------
MSG: Replacing one sequence [cluster/1-1230]

---------------------------------------------------

--------------------- WARNING ---------------------
MSG: Replacing one sequence [cluster/1-1191]

---------------------------------------------------

--------------------- WARNING ---------------------
MSG: Replacing one sequence [cluster/1-1152]

---------------------------------------------------

--------------------- WARNING ---------------------
MSG: Replacing one sequence [cluster/1-1155]

---------------------------------------------------

--------------------- WARNING ---------------------
MSG: Replacing one sequence [cluster/1-1212]

---------------------------------------------------

--------------------- WARNING ---------------------
MSG: Replacing one sequence [cluster/1-1194]

---------------------------------------------------

--------------------- WARNING ---------------------
MSG: Replacing one sequence [cluster/1-1215]

---------------------------------------------------

--------------------- WARNING ---------------------
MSG: Replacing one sequence [cluster/1-1197]

---------------------------------------------------

--------------------- WARNING ---------------------
MSG: Replacing one sequence [cluster/1-1197]

---------------------------------------------------

--------------------- WARNING ---------------------
MSG: Replacing one sequence [cluster/1-1197]

---------------------------------------------------

--------------------- WARNING ---------------------
MSG: Replacing one sequence [cluster/1-1200]

---------------------------------------------------

--------------------- WARNING ---------------------
MSG: Replacing one sequence [cluster/1-1197]

---------------------------------------------------

--------------------- WARNING ---------------------
MSG: Replacing one sequence [cluster/1-1212]

---------------------------------------------------

--------------------- WARNING ---------------------
MSG: Replacing one sequence [cluster/1-1197]

---------------------------------------------------

--------------------- WARNING ---------------------
MSG: Replacing one sequence [cluster/1-1194]

---------------------------------------------------

--------------------- WARNING ---------------------
MSG: Replacing one sequence [cluster/1-1188]

---------------------------------------------------

--------------------- WARNING ---------------------
MSG: Replacing one sequence [cluster/1-1197]

---------------------------------------------------

--------------------- WARNING ---------------------
MSG: Replacing one sequence [cluster/1-1215]

---------------------------------------------------

--------------------- WARNING ---------------------
MSG: Replacing one sequence [cluster/1-1200]

---------------------------------------------------

--------------------- WARNING ---------------------
MSG: Replacing one sequence [cluster/1-1161]

---------------------------------------------------

--------------------- WARNING ---------------------
MSG: Replacing one sequence [cluster/1-1125]

---------------------------------------------------

--------------------- WARNING ---------------------
MSG: Replacing one sequence [cluster/1-1212]

---------------------------------------------------

--------------------- WARNING ---------------------
MSG: Replacing one sequence [cluster/1-1185]

---------------------------------------------------

--------------------- WARNING ---------------------
MSG: Replacing one sequence [cluster/1-1146]

---------------------------------------------------

--------------------- WARNING ---------------------
MSG: Replacing one sequence [cluster/1-1200]

---------------------------------------------------

--------------------- WARNING ---------------------
MSG: Replacing one sequence [cluster/1-1200]

---------------------------------------------------

--------------------- WARNING ---------------------
MSG: Replacing one sequence [cluster/1-1131]

---------------------------------------------------

--------------------- WARNING ---------------------
MSG: Replacing one sequence [cluster/1-1197]

---------------------------------------------------

--------------------- WARNING ---------------------
MSG: Replacing one sequence [cluster/1-1203]

---------------------------------------------------

--------------------- WARNING ---------------------
MSG: Replacing one sequence [cluster/1-1164]

---------------------------------------------------

--------------------- WARNING ---------------------
MSG: Replacing one sequence [cluster/1-1203]

---------------------------------------------------

--------------------- WARNING ---------------------
MSG: Replacing one sequence [cluster/1-1125]

---------------------------------------------------

--------------------- WARNING ---------------------
MSG: Replacing one sequence [cluster/1-1200]

---------------------------------------------------

--------------------- WARNING ---------------------
MSG: Replacing one sequence [cluster/1-1197]

---------------------------------------------------

--------------------- WARNING ---------------------
MSG: Replacing one sequence [cluster/1-1191]

---------------------------------------------------

--------------------- WARNING ---------------------
MSG: Replacing one sequence [cluster/1-1179]

---------------------------------------------------

--------------------- WARNING ---------------------
MSG: Replacing one sequence [cluster/1-1197]

---------------------------------------------------

--------------------- WARNING ---------------------
MSG: Replacing one sequence [cluster/1-1176]

---------------------------------------------------

--------------------- WARNING ---------------------
MSG: Replacing one sequence [cluster/1-1191]

---------------------------------------------------

--------------------- WARNING ---------------------
MSG: Replacing one sequence [cluster/1-1176]

---------------------------------------------------

--------------------- WARNING ---------------------
MSG: Replacing one sequence [cluster/1-1191]

---------------------------------------------------

--------------------- WARNING ---------------------
MSG: Replacing one sequence [cluster/1-1152]

---------------------------------------------------

--------------------- WARNING ---------------------
MSG: Replacing one sequence [cluster/1-1134]

---------------------------------------------------

--------------------- WARNING ---------------------
MSG: Replacing one sequence [cluster/1-1134]

---------------------------------------------------

--------------------- WARNING ---------------------
MSG: Replacing one sequence [cluster/1-1218]

---------------------------------------------------

--------------------- WARNING ---------------------
MSG: Replacing one sequence [cluster/1-1161]

---------------------------------------------------

--------------------- WARNING ---------------------
MSG: Replacing one sequence [cluster/1-1194]

---------------------------------------------------

--------------------- WARNING ---------------------
MSG: Replacing one sequence [cluster/1-1131]

---------------------------------------------------

--------------------- WARNING ---------------------
MSG: Replacing one sequence [cluster/1-1155]

---------------------------------------------------

--------------------- WARNING ---------------------
MSG: Replacing one sequence [cluster/1-1161]

---------------------------------------------------

--------------------- WARNING ---------------------
MSG: Replacing one sequence [cluster/1-1218]

---------------------------------------------------

--------------------- WARNING ---------------------
MSG: Replacing one sequence [cluster/1-1137]

---------------------------------------------------

--------------------- WARNING ---------------------
MSG: Replacing one sequence [cluster/1-1212]

---------------------------------------------------

--------------------- WARNING ---------------------
MSG: Replacing one sequence [cluster/1-1236]

---------------------------------------------------

--------------------- WARNING ---------------------
MSG: Replacing one sequence [cluster/1-1176]

---------------------------------------------------

--------------------- WARNING ---------------------
MSG: Replacing one sequence [cluster/1-1191]

---------------------------------------------------

--------------------- WARNING ---------------------
MSG: Replacing one sequence [cluster/1-1233]

---------------------------------------------------

--------------------- WARNING ---------------------
MSG: Replacing one sequence [cluster/1-1218]

---------------------------------------------------

--------------------- WARNING ---------------------
MSG: Replacing one sequence [cluster/1-1191]

---------------------------------------------------

--------------------- WARNING ---------------------
MSG: Replacing one sequence [cluster/1-1137]

---------------------------------------------------

--------------------- WARNING ---------------------
MSG: Replacing one sequence [cluster/1-1191]

---------------------------------------------------

--------------------- WARNING ---------------------
MSG: Replacing one sequence [cluster/1-1188]

---------------------------------------------------

--------------------- WARNING ---------------------
MSG: Replacing one sequence [cluster/1-1161]

---------------------------------------------------

--------------------- WARNING ---------------------
MSG: Replacing one sequence [cluster/1-1260]

---------------------------------------------------

--------------------- WARNING ---------------------
MSG: Replacing one sequence [cluster/1-1203]

---------------------------------------------------

--------------------- WARNING ---------------------
MSG: Replacing one sequence [cluster/1-1260]

---------------------------------------------------

--------------------- WARNING ---------------------
MSG: Replacing one sequence [cluster/1-1197]

---------------------------------------------------

--------------------- WARNING ---------------------
MSG: Replacing one sequence [cluster/1-1200]

---------------------------------------------------

--------------------- WARNING ---------------------
MSG: Replacing one sequence [cluster/1-1173]

---------------------------------------------------

--------------------- WARNING ---------------------
MSG: Replacing one sequence [cluster/1-1197]

---------------------------------------------------

--------------------- WARNING ---------------------
MSG: Replacing one sequence [cluster/1-1194]

---------------------------------------------------

--------------------- WARNING ---------------------
MSG: Replacing one sequence [cluster/1-1191]

---------------------------------------------------

--------------------- WARNING ---------------------
MSG: Replacing one sequence [cluster/1-1197]

---------------------------------------------------

--------------------- WARNING ---------------------
MSG: Replacing one sequence [cluster/1-1203]

---------------------------------------------------

--------------------- WARNING ---------------------
MSG: Replacing one sequence [cluster/1-1197]

---------------------------------------------------

--------------------- WARNING ---------------------
MSG: Replacing one sequence [cluster/1-1146]

---------------------------------------------------

--------------------- WARNING ---------------------
MSG: Replacing one sequence [cluster/1-1179]

---------------------------------------------------

--------------------- WARNING ---------------------
MSG: Replacing one sequence [cluster/1-1194]

---------------------------------------------------

--------------------- WARNING ---------------------
MSG: Replacing one sequence [cluster/1-1203]

---------------------------------------------------

--------------------- WARNING ---------------------
MSG: Replacing one sequence [cluster/1-1194]

---------------------------------------------------

--------------------- WARNING ---------------------
MSG: Replacing one sequence [cluster/1-1194]

---------------------------------------------------

--------------------- WARNING ---------------------
MSG: Replacing one sequence [cluster/1-1188]

---------------------------------------------------

--------------------- WARNING ---------------------
MSG: Replacing one sequence [cluster/1-1110]

---------------------------------------------------

--------------------- WARNING ---------------------
MSG: Replacing one sequence [cluster/1-1143]

---------------------------------------------------

--------------------- WARNING ---------------------
MSG: Replacing one sequence [cluster/1-1224]

---------------------------------------------------

--------------------- WARNING ---------------------
MSG: Replacing one sequence [cluster/1-1143]

---------------------------------------------------

--------------------- WARNING ---------------------
MSG: Replacing one sequence [cluster/1-1149]

---------------------------------------------------

--------------------- WARNING ---------------------
MSG: Replacing one sequence [cluster/1-1188]

---------------------------------------------------

--------------------- WARNING ---------------------
MSG: Replacing one sequence [cluster/1-1152]

---------------------------------------------------

--------------------- WARNING ---------------------
MSG: Replacing one sequence [cluster/1-1203]

---------------------------------------------------

--------------------- WARNING ---------------------
MSG: Replacing one sequence [cluster/1-1179]

---------------------------------------------------

--------------------- WARNING ---------------------
MSG: Replacing one sequence [cluster/1-1158]

---------------------------------------------------

--------------------- WARNING ---------------------
MSG: Replacing one sequence [cluster/1-1239]

---------------------------------------------------

--------------------- WARNING ---------------------
MSG: Replacing one sequence [cluster/1-1137]

---------------------------------------------------

--------------------- WARNING ---------------------
MSG: Replacing one sequence [cluster/1-1137]

---------------------------------------------------

--------------------- WARNING ---------------------
MSG: Replacing one sequence [cluster/1-1137]

---------------------------------------------------

--------------------- WARNING ---------------------
MSG: Replacing one sequence [cluster/1-1218]

---------------------------------------------------

--------------------- WARNING ---------------------
MSG: Replacing one sequence [cluster/1-1164]

---------------------------------------------------

--------------------- WARNING ---------------------
MSG: Replacing one sequence [cluster/1-1167]

---------------------------------------------------

--------------------- WARNING ---------------------
MSG: Replacing one sequence [cluster/1-1212]

---------------------------------------------------

--------------------- WARNING ---------------------
MSG: Replacing one sequence [cluster/1-1170]

---------------------------------------------------

--------------------- WARNING ---------------------
MSG: Replacing one sequence [cluster/1-1221]

---------------------------------------------------

--------------------- WARNING ---------------------
MSG: Replacing one sequence [cluster/1-1137]

---------------------------------------------------

--------------------- WARNING ---------------------
MSG: Replacing one sequence [cluster/1-1221]

---------------------------------------------------

--------------------- WARNING ---------------------
MSG: Replacing one sequence [cluster/1-1191]

---------------------------------------------------

--------------------- WARNING ---------------------
MSG: Replacing one sequence [cluster/1-1131]

---------------------------------------------------

--------------------- WARNING ---------------------
MSG: Replacing one sequence [cluster/1-1179]

---------------------------------------------------

--------------------- WARNING ---------------------
MSG: Replacing one sequence [cluster/1-1197]

---------------------------------------------------

--------------------- WARNING ---------------------
MSG: Replacing one sequence [cluster/1-1191]

---------------------------------------------------

--------------------- WARNING ---------------------
MSG: Replacing one sequence [cluster/1-1200]

---------------------------------------------------

--------------------- WARNING ---------------------
MSG: Replacing one sequence [cluster/1-1194]

---------------------------------------------------

--------------------- WARNING ---------------------
MSG: Replacing one sequence [cluster/1-1212]

---------------------------------------------------

--------------------- WARNING ---------------------
MSG: Replacing one sequence [cluster/1-1191]

---------------------------------------------------

--------------------- WARNING ---------------------
MSG: Replacing one sequence [cluster/1-1158]

---------------------------------------------------

--------------------- WARNING ---------------------
MSG: Replacing one sequence [cluster/1-1200]

---------------------------------------------------

--------------------- WARNING ---------------------
MSG: Replacing one sequence [cluster/1-1221]

---------------------------------------------------

--------------------- WARNING ---------------------
MSG: Replacing one sequence [cluster/1-1218]

---------------------------------------------------

--------------------- WARNING ---------------------
MSG: Replacing one sequence [cluster/1-1179]

---------------------------------------------------

--------------------- WARNING ---------------------
MSG: Replacing one sequence [cluster/1-1194]

---------------------------------------------------

--------------------- WARNING ---------------------
MSG: Replacing one sequence [cluster/1-1179]

---------------------------------------------------

--------------------- WARNING ---------------------
MSG: Replacing one sequence [cluster/1-1137]

---------------------------------------------------

--------------------- WARNING ---------------------
MSG: Replacing one sequence [cluster/1-1239]

---------------------------------------------------

--------------------- WARNING ---------------------
MSG: Replacing one sequence [cluster/1-1167]

---------------------------------------------------

--------------------- WARNING ---------------------
MSG: Replacing one sequence [cluster/1-1212]

---------------------------------------------------

--------------------- WARNING ---------------------
MSG: Replacing one sequence [cluster/1-1212]

---------------------------------------------------

--------------------- WARNING ---------------------
MSG: Replacing one sequence [cluster/1-1266]

---------------------------------------------------

--------------------- WARNING ---------------------
MSG: Replacing one sequence [cluster/1-1197]

---------------------------------------------------

--------------------- WARNING ---------------------
MSG: Replacing one sequence [cluster/1-1191]

---------------------------------------------------

--------------------- WARNING ---------------------
MSG: Replacing one sequence [cluster/1-1158]

---------------------------------------------------

--------------------- WARNING ---------------------
MSG: Replacing one sequence [cluster/1-1167]

---------------------------------------------------

--------------------- WARNING ---------------------
MSG: Replacing one sequence [cluster/1-1170]

---------------------------------------------------

--------------------- WARNING ---------------------
MSG: Replacing one sequence [cluster/1-1164]

---------------------------------------------------

--------------------- WARNING ---------------------
MSG: Replacing one sequence [cluster/1-1158]

---------------------------------------------------

--------------------- WARNING ---------------------
MSG: Replacing one sequence [cluster/1-1137]

---------------------------------------------------

--------------------- WARNING ---------------------
MSG: Replacing one sequence [cluster/1-1191]

---------------------------------------------------

--------------------- WARNING ---------------------
MSG: Replacing one sequence [cluster/1-1221]

---------------------------------------------------

--------------------- WARNING ---------------------
MSG: Replacing one sequence [cluster/1-1182]

---------------------------------------------------

--------------------- WARNING ---------------------
MSG: Replacing one sequence [cluster/1-1251]

---------------------------------------------------

--------------------- WARNING ---------------------
MSG: Replacing one sequence [cluster/1-1176]

---------------------------------------------------

--------------------- WARNING ---------------------
MSG: Replacing one sequence [cluster/1-1191]

---------------------------------------------------

--------------------- WARNING ---------------------
MSG: Replacing one sequence [cluster/1-1176]

---------------------------------------------------

--------------------- WARNING ---------------------
MSG: Replacing one sequence [cluster/1-1170]

---------------------------------------------------

--------------------- WARNING ---------------------
MSG: Replacing one sequence [cluster/1-1194]

---------------------------------------------------

--------------------- WARNING ---------------------
MSG: Replacing one sequence [cluster/1-1266]

---------------------------------------------------

--------------------- WARNING ---------------------
MSG: Replacing one sequence [cluster/1-1188]

---------------------------------------------------

--------------------- WARNING ---------------------
MSG: Replacing one sequence [cluster/1-1188]

---------------------------------------------------

--------------------- WARNING ---------------------
MSG: Replacing one sequence [cluster/1-1137]

---------------------------------------------------

--------------------- WARNING ---------------------
MSG: Replacing one sequence [cluster/1-1230]

---------------------------------------------------

--------------------- WARNING ---------------------
MSG: Replacing one sequence [cluster/1-1137]

---------------------------------------------------

--------------------- WARNING ---------------------
MSG: Replacing one sequence [cluster/1-1188]

---------------------------------------------------

--------------------- WARNING ---------------------
MSG: Replacing one sequence [cluster/1-1230]

---------------------------------------------------

--------------------- WARNING ---------------------
MSG: Replacing one sequence [cluster/1-1155]

---------------------------------------------------

--------------------- WARNING ---------------------
MSG: Replacing one sequence [cluster/1-1191]

---------------------------------------------------

--------------------- WARNING ---------------------
MSG: Replacing one sequence [cluster/1-1176]

---------------------------------------------------

--------------------- WARNING ---------------------
MSG: Replacing one sequence [cluster/1-1218]

---------------------------------------------------

--------------------- WARNING ---------------------
MSG: Replacing one sequence [cluster/1-1152]

---------------------------------------------------

--------------------- WARNING ---------------------
MSG: Replacing one sequence [cluster/1-1128]

---------------------------------------------------

--------------------- WARNING ---------------------
MSG: Replacing one sequence [cluster/1-1212]

---------------------------------------------------

--------------------- WARNING ---------------------
MSG: Replacing one sequence [cluster/1-1152]

---------------------------------------------------

--------------------- WARNING ---------------------
MSG: Replacing one sequence [cluster/1-1194]

---------------------------------------------------

--------------------- WARNING ---------------------
MSG: Replacing one sequence [cluster/1-1176]

---------------------------------------------------

--------------------- WARNING ---------------------
MSG: Replacing one sequence [cluster/1-1176]

---------------------------------------------------

--------------------- WARNING ---------------------
MSG: Replacing one sequence [cluster/1-1191]

---------------------------------------------------

--------------------- WARNING ---------------------
MSG: Replacing one sequence [cluster/1-1176]

---------------------------------------------------

--------------------- WARNING ---------------------
MSG: Replacing one sequence [cluster/1-1188]

---------------------------------------------------

--------------------- WARNING ---------------------
MSG: Replacing one sequence [cluster/1-1191]

---------------------------------------------------

--------------------- WARNING ---------------------
MSG: Replacing one sequence [cluster/1-1134]

---------------------------------------------------

--------------------- WARNING ---------------------
MSG: Replacing one sequence [cluster/1-1161]

---------------------------------------------------

--------------------- WARNING ---------------------
MSG: Replacing one sequence [cluster/1-1197]

---------------------------------------------------

--------------------- WARNING ---------------------
MSG: Replacing one sequence [cluster/1-1155]

---------------------------------------------------

--------------------- WARNING ---------------------
MSG: Replacing one sequence [cluster/1-1236]

---------------------------------------------------

--------------------- WARNING ---------------------
MSG: Replacing one sequence [cluster/1-1161]

---------------------------------------------------

--------------------- WARNING ---------------------
MSG: Replacing one sequence [cluster/1-1212]

---------------------------------------------------

--------------------- WARNING ---------------------
MSG: Replacing one sequence [cluster/1-1218]

---------------------------------------------------

--------------------- WARNING ---------------------
MSG: Replacing one sequence [cluster/1-1191]

---------------------------------------------------

--------------------- WARNING ---------------------
MSG: Replacing one sequence [cluster/1-1137]

---------------------------------------------------

--------------------- WARNING ---------------------
MSG: Replacing one sequence [cluster/1-1176]

---------------------------------------------------

--------------------- WARNING ---------------------
MSG: Replacing one sequence [cluster/1-1188]

---------------------------------------------------

--------------------- WARNING ---------------------
MSG: Replacing one sequence [cluster/1-1134]

---------------------------------------------------

--------------------- WARNING ---------------------
MSG: Replacing one sequence [cluster/1-1137]

---------------------------------------------------

--------------------- WARNING ---------------------
MSG: Replacing one sequence [cluster/1-1218]

---------------------------------------------------

--------------------- WARNING ---------------------
MSG: Replacing one sequence [cluster/1-1134]

---------------------------------------------------

--------------------- WARNING ---------------------
MSG: Replacing one sequence [cluster/1-1134]

---------------------------------------------------

--------------------- WARNING ---------------------
MSG: Replacing one sequence [cluster/1-1218]

---------------------------------------------------

--------------------- WARNING ---------------------
MSG: Replacing one sequence [cluster/1-1092]

---------------------------------------------------

--------------------- WARNING ---------------------
MSG: Replacing one sequence [cluster/1-1191]

---------------------------------------------------

--------------------- WARNING ---------------------
MSG: Replacing one sequence [cluster/1-1251]

---------------------------------------------------

--------------------- WARNING ---------------------
MSG: Replacing one sequence [cluster/1-1179]

---------------------------------------------------

--------------------- WARNING ---------------------
MSG: Replacing one sequence [cluster/1-1212]

---------------------------------------------------

--------------------- WARNING ---------------------
MSG: Replacing one sequence [cluster/1-1236]

---------------------------------------------------

--------------------- WARNING ---------------------
MSG: Replacing one sequence [cluster/1-1161]

---------------------------------------------------

--------------------- WARNING ---------------------
MSG: Replacing one sequence [cluster/1-1191]

---------------------------------------------------

--------------------- WARNING ---------------------
MSG: Replacing one sequence [cluster/1-1137]

---------------------------------------------------

--------------------- WARNING ---------------------
MSG: Replacing one sequence [cluster/1-1218]

---------------------------------------------------

--------------------- WARNING ---------------------
MSG: Replacing one sequence [cluster/1-1230]

---------------------------------------------------

--------------------- WARNING ---------------------
MSG: Replacing one sequence [cluster/1-1218]

---------------------------------------------------

--------------------- WARNING ---------------------
MSG: Replacing one sequence [cluster/1-1137]

---------------------------------------------------

--------------------- WARNING ---------------------
MSG: Replacing one sequence [cluster/1-1194]

---------------------------------------------------

--------------------- WARNING ---------------------
MSG: Replacing one sequence [cluster/1-1194]

---------------------------------------------------

--------------------- WARNING ---------------------
MSG: Replacing one sequence [cluster/1-1125]

---------------------------------------------------

--------------------- WARNING ---------------------
MSG: Replacing one sequence [cluster/1-1194]

---------------------------------------------------

--------------------- WARNING ---------------------
MSG: Replacing one sequence [cluster/1-1260]

---------------------------------------------------

--------------------- WARNING ---------------------
MSG: Replacing one sequence [cluster/1-1278]

---------------------------------------------------

--------------------- WARNING ---------------------
MSG: Replacing one sequence [cluster/1-1188]

---------------------------------------------------

--------------------- WARNING ---------------------
MSG: Replacing one sequence [cluster/1-1179]

---------------------------------------------------

--------------------- WARNING ---------------------
MSG: Replacing one sequence [cluster/1-1131]

---------------------------------------------------

--------------------- WARNING ---------------------
MSG: Replacing one sequence [cluster/1-1203]

---------------------------------------------------

--------------------- WARNING ---------------------
MSG: Replacing one sequence [cluster/1-1209]

---------------------------------------------------

--------------------- WARNING ---------------------
MSG: Replacing one sequence [cluster/1-1203]

---------------------------------------------------

--------------------- WARNING ---------------------
MSG: Replacing one sequence [cluster/1-1215]

---------------------------------------------------

--------------------- WARNING ---------------------
MSG: Replacing one sequence [cluster/1-1158]

---------------------------------------------------

--------------------- WARNING ---------------------
MSG: Replacing one sequence [cluster/1-1158]

---------------------------------------------------

--------------------- WARNING ---------------------
MSG: Replacing one sequence [cluster/1-1197]

---------------------------------------------------

--------------------- WARNING ---------------------
MSG: Replacing one sequence [cluster/1-1149]

---------------------------------------------------

--------------------- WARNING ---------------------
MSG: Replacing one sequence [cluster/1-1212]

---------------------------------------------------

--------------------- WARNING ---------------------
MSG: Replacing one sequence [cluster/1-1194]

---------------------------------------------------

--------------------- WARNING ---------------------
MSG: Replacing one sequence [cluster/1-1200]

---------------------------------------------------

--------------------- WARNING ---------------------
MSG: Replacing one sequence [cluster/1-1125]

---------------------------------------------------

--------------------- WARNING ---------------------
MSG: Replacing one sequence [cluster/1-1161]

---------------------------------------------------

--------------------- WARNING ---------------------
MSG: Replacing one sequence [cluster/1-1203]

---------------------------------------------------

--------------------- WARNING ---------------------
MSG: Replacing one sequence [cluster/1-1260]

---------------------------------------------------

--------------------- WARNING ---------------------
MSG: Replacing one sequence [cluster/1-1149]

---------------------------------------------------

--------------------- WARNING ---------------------
MSG: Replacing one sequence [cluster/1-1200]

---------------------------------------------------

--------------------- WARNING ---------------------
MSG: Replacing one sequence [cluster/1-1188]

---------------------------------------------------

--------------------- WARNING ---------------------
MSG: Replacing one sequence [cluster/1-1116]

---------------------------------------------------

--------------------- WARNING ---------------------
MSG: Replacing one sequence [cluster/1-1185]

---------------------------------------------------

--------------------- WARNING ---------------------
MSG: Replacing one sequence [cluster/1-1179]

---------------------------------------------------

--------------------- WARNING ---------------------
MSG: Replacing one sequence [cluster/1-1194]

---------------------------------------------------

--------------------- WARNING ---------------------
MSG: Replacing one sequence [cluster/1-1263]

---------------------------------------------------

--------------------- WARNING ---------------------
MSG: Replacing one sequence [cluster/1-1161]

---------------------------------------------------

--------------------- WARNING ---------------------
MSG: Replacing one sequence [cluster/1-1185]

---------------------------------------------------

--------------------- WARNING ---------------------
MSG: Replacing one sequence [cluster/1-1191]

---------------------------------------------------

--------------------- WARNING ---------------------
MSG: Replacing one sequence [cluster/1-1257]

---------------------------------------------------

--------------------- WARNING ---------------------
MSG: Replacing one sequence [cluster/1-1191]

---------------------------------------------------

--------------------- WARNING ---------------------
MSG: Replacing one sequence [cluster/1-1140]

---------------------------------------------------

--------------------- WARNING ---------------------
MSG: Replacing one sequence [cluster/1-1191]

---------------------------------------------------

--------------------- WARNING ---------------------
MSG: Replacing one sequence [cluster/1-1161]

---------------------------------------------------

--------------------- WARNING ---------------------
MSG: Replacing one sequence [cluster/1-1152]

---------------------------------------------------

--------------------- WARNING ---------------------
MSG: Replacing one sequence [cluster/1-1143]

---------------------------------------------------

--------------------- WARNING ---------------------
MSG: Replacing one sequence [cluster/1-1152]

---------------------------------------------------

--------------------- WARNING ---------------------
MSG: Replacing one sequence [cluster/1-1194]

---------------------------------------------------

--------------------- WARNING ---------------------
MSG: Replacing one sequence [cluster/1-1158]

---------------------------------------------------

--------------------- WARNING ---------------------
MSG: Replacing one sequence [cluster/1-1179]

---------------------------------------------------

--------------------- WARNING ---------------------
MSG: Replacing one sequence [cluster/1-1212]

---------------------------------------------------

--------------------- WARNING ---------------------
MSG: Replacing one sequence [cluster/1-1197]

---------------------------------------------------

--------------------- WARNING ---------------------
MSG: Replacing one sequence [cluster/1-1257]

---------------------------------------------------

--------------------- WARNING ---------------------
MSG: Replacing one sequence [cluster/1-1194]

---------------------------------------------------

--------------------- WARNING ---------------------
MSG: Replacing one sequence [cluster/1-1200]

---------------------------------------------------

--------------------- WARNING ---------------------
MSG: Replacing one sequence [cluster/1-1164]

---------------------------------------------------

--------------------- WARNING ---------------------
MSG: Replacing one sequence [cluster/1-1269]

---------------------------------------------------

--------------------- WARNING ---------------------
MSG: Replacing one sequence [cluster/1-1137]

---------------------------------------------------

--------------------- WARNING ---------------------
MSG: Replacing one sequence [cluster/1-1152]

---------------------------------------------------

--------------------- WARNING ---------------------
MSG: Replacing one sequence [cluster/1-1212]

---------------------------------------------------

--------------------- WARNING ---------------------
MSG: Replacing one sequence [cluster/1-1176]

---------------------------------------------------

--------------------- WARNING ---------------------
MSG: Replacing one sequence [cluster/1-1188]

---------------------------------------------------

--------------------- WARNING ---------------------
MSG: Replacing one sequence [cluster/1-1176]

---------------------------------------------------

--------------------- WARNING ---------------------
MSG: Replacing one sequence [cluster/1-1194]

---------------------------------------------------

--------------------- WARNING ---------------------
MSG: Replacing one sequence [cluster/1-1218]

---------------------------------------------------

--------------------- WARNING ---------------------
MSG: Replacing one sequence [cluster/1-1194]

---------------------------------------------------

--------------------- WARNING ---------------------
MSG: Replacing one sequence [cluster/1-1155]

---------------------------------------------------

--------------------- WARNING ---------------------
MSG: Replacing one sequence [cluster/1-1188]

---------------------------------------------------

--------------------- WARNING ---------------------
MSG: Replacing one sequence [cluster/1-1155]

---------------------------------------------------

--------------------- WARNING ---------------------
MSG: Replacing one sequence [cluster/1-1236]

---------------------------------------------------

--------------------- WARNING ---------------------
MSG: Replacing one sequence [cluster/1-1137]

---------------------------------------------------

--------------------- WARNING ---------------------
MSG: Replacing one sequence [cluster/1-1155]

---------------------------------------------------

--------------------- WARNING ---------------------
MSG: Replacing one sequence [cluster/1-1230]

---------------------------------------------------

--------------------- WARNING ---------------------
MSG: Replacing one sequence [cluster/1-1125]

---------------------------------------------------

--------------------- WARNING ---------------------
MSG: Replacing one sequence [cluster/1-1161]

---------------------------------------------------

--------------------- WARNING ---------------------
MSG: Replacing one sequence [cluster/1-1152]

---------------------------------------------------

--------------------- WARNING ---------------------
MSG: Replacing one sequence [cluster/1-1191]

---------------------------------------------------

--------------------- WARNING ---------------------
MSG: Replacing one sequence [cluster/1-1188]

---------------------------------------------------

--------------------- WARNING ---------------------
MSG: Replacing one sequence [cluster/1-1137]

---------------------------------------------------

--------------------- WARNING ---------------------
MSG: Replacing one sequence [cluster/1-1191]

---------------------------------------------------

--------------------- WARNING ---------------------
MSG: cluster found multiple times in alignment NoName, skipping this sequence.
---------------------------------------------------
Undefined subroutine &Bio::Align::Utilities::throw called at /usr/local/share/perl/5.22.1/Bio/Align/Utilities.pm line 381, <GEN12> line 5963.
sed: can't read res_dic/alns/tmp.aln: No such file or directory
sed: can't read res_dic/alns/tmp.aln: No such file or directory
